
2024-07-17 15:45:42：Video：sdfsdff - Copy (57) - Copy--->Transcoding complete
2024-07-17 15:45:43：video：sdfsdff - Copy (60) - Copy - Copy--->Transcoding started
2024-07-17 15:45:43：Video：sdfsdff - Copy (58) - Copy--->Transcoding complete
2024-07-17 15:45:43：Video：sdfsdff - Copy (58) - Copy - Copy--->Transcoding complete
2024-07-17 15:45:43：video：sdfsdff - Copy (60) - Copy--->Transcoding started
2024-07-17 15:45:44：video：sdfsdff - Copy (61) - Copy - Copy--->Transcoding started
2024-07-17 15:45:44：Video：sdfsdff - Copy (59) - Copy--->Transcoding complete
2024-07-17 15:45:44：Video：sdfsdff - Copy (59) - Copy - Copy--->Transcoding complete
2024-07-17 15:45:44：Video：sdfsdff - Copy (60) - Copy - Copy--->Transcoding complete
2024-07-17 15:45:44：video：sdfsdff - Copy (61) - Copy--->Transcoding started
2024-07-17 15:45:44：video：sdfsdff - Copy (62) - Copy - Copy--->Transcoding started
2024-07-17 15:45:45：Video：sdfsdff - Copy (60) - Copy--->Transcoding complete
2024-07-17 15:45:45：video：sdfsdff - Copy (62) - Copy--->Transcoding started
2024-07-17 15:45:45：video：sdfsdff - Copy (63) - Copy - Copy--->Transcoding started
2024-07-17 15:45:45：Video：sdfsdff - Copy (61) - Copy - Copy--->Transcoding complete
2024-07-17 15:45:46：Video：sdfsdff - Copy (61) - Copy--->Transcoding complete
2024-07-17 15:45:46：video：sdfsdff - Copy (63) - Copy--->Transcoding started
2024-07-17 15:45:46：video：sdfsdff - Copy (64) - Copy - Copy--->Transcoding started
2024-07-17 15:45:46：Video：sdfsdff - Copy (62) - Copy - Copy--->Transcoding complete
2024-07-17 15:45:47：video：sdfsdff - Copy (65) - Copy - Copy--->Transcoding started
2024-07-17 15:45:47：Video：sdfsdff - Copy (62) - Copy--->Transcoding complete
2024-07-17 15:45:47：video：sdfsdff - Copy (64) - Copy--->Transcoding started
2024-07-17 15:45:47：Video：sdfsdff - Copy (63) - Copy - Copy--->Transcoding complete
2024-07-17 15:45:48：video：sdfsdff - Copy (65) - Copy--->Transcoding started
2024-07-17 15:45:48：video：sdfsdff - Copy (66) - Copy - Copy--->Transcoding started
2024-07-17 15:45:48：Video：sdfsdff - Copy (63) - Copy--->Transcoding complete
2024-07-17 15:45:48：Video：sdfsdff - Copy (64) - Copy - Copy--->Transcoding complete
2024-07-17 15:45:49：Video：sdfsdff - Copy (64) - Copy--->Transcoding complete
2024-07-17 15:45:49：Video：sdfsdff - Copy (65) - Copy - Copy--->Transcoding complete
2024-07-17 15:45:49：Video：sdfsdff - Copy (65) - Copy--->Transcoding complete
2024-07-17 15:45:49：video：sdfsdff - Copy (66) - Copy--->Transcoding started
2024-07-17 15:45:50：Video：sdfsdff - Copy (66) - Copy - Copy--->Transcoding complete
2024-07-17 15:45:50：Video：sdfsdff - Copy (66) - Copy--->Transcoding complete
2024-07-17 15:45:50：video：sdfsdff - Copy (67) - Copy - Copy--->Transcoding started
2024-07-17 15:45:51：Video：sdfsdff - Copy (67) - Copy - Copy--->Transcoding complete
2024-07-17 15:45:52：video：sdfsdff - Copy (67) - Copy--->Transcoding started
2024-07-17 15:45:52：video：sdfsdff - Copy (68) - Copy - Copy--->Transcoding started
2024-07-17 15:45:53：Video：sdfsdff - Copy (67) - Copy--->Transcoding complete
2024-07-17 15:45:53：Video：sdfsdff - Copy (68) - Copy - Copy--->Transcoding complete
2024-07-17 15:45:54：video：sdfsdff - Copy (68) - Copy--->Transcoding started
2024-07-17 15:45:55：Video：sdfsdff - Copy (68) - Copy--->Transcoding complete
2024-07-17 15:45:55：video：sdfsdff - Copy (69) - Copy - Copy--->Transcoding started
2024-07-17 15:45:56：Video：sdfsdff - Copy (69) - Copy - Copy--->Transcoding complete
2024-07-17 15:45:56：video：sdfsdff - Copy (69) - Copy--->Transcoding started
2024-07-17 15:45:57：Video：sdfsdff - Copy (69) - Copy--->Transcoding complete
2024-07-17 15:45:58：video：sdfsdff - Copy (70) - Copy--->Transcoding started
2024-07-17 15:45:59：Video：sdfsdff - Copy (70) - Copy--->Transcoding complete
2024-07-17 15:46:00：video：sdfsdff - Copy (71) - Copy - Copy--->Transcoding started
2024-07-17 15:46:01：Video：sdfsdff - Copy (71) - Copy - Copy--->Transcoding complete
2024-07-17 15:46:01：video：sdfsdff - Copy (71) - Copy--->Transcoding started
2024-07-17 15:46:02：Video：sdfsdff - Copy (71) - Copy--->Transcoding complete
2024-07-17 15:46:02：video：sdfsdff - Copy (72) - Copy - Copy--->Transcoding started
2024-07-17 15:46:03：Video：sdfsdff - Copy (72) - Copy - Copy--->Transcoding complete
2024-07-17 15:46:04：video：sdfsdff - Copy (73) - Copy - Copy--->Transcoding started
2024-07-17 15:46:05：Video：sdfsdff - Copy (73) - Copy - Copy--->Transcoding complete
2024-07-17 15:46:05：video：sdfsdff - Copy (73) - Copy--->Transcoding started
2024-07-17 15:46:06：Video：sdfsdff - Copy (73) - Copy--->Transcoding complete
2024-07-17 15:46:06：video：sdfsdff - Copy (74) - Copy - Copy--->Transcoding started
2024-07-17 15:46:07：video：sdfsdff - Copy (75) - Copy - Copy--->Transcoding started
2024-07-17 15:46:07：video：sdfsdff - Copy (74) - Copy--->Transcoding started
2024-07-17 15:46:07：video：sdfsdff - Copy (76) - Copy - Copy--->Transcoding started
2024-07-17 15:46:07：video：sdfsdff - Copy (75) - Copy--->Transcoding started
2024-07-17 15:46:08：Video：sdfsdff - Copy (74) - Copy - Copy--->Transcoding complete
2024-07-17 15:46:08：Video：sdfsdff - Copy (74) - Copy--->Transcoding complete
2024-07-17 15:46:08：video：sdfsdff - Copy (77) - Copy - Copy--->Transcoding started
2024-07-17 15:46:09：video：sdfsdff - Copy (76) - Copy--->Transcoding started
2024-07-17 15:46:09：Video：sdfsdff - Copy (75) - Copy - Copy--->Transcoding complete
2024-07-17 15:46:09：video：sdfsdff - Copy (77) - Copy--->Transcoding started
2024-07-17 15:46:09：Video：sdfsdff - Copy (76) - Copy - Copy--->Transcoding complete
2024-07-17 15:46:10：Video：sdfsdff - Copy (75) - Copy--->Transcoding complete
2024-07-17 15:46:10：video：sdfsdff - Copy (78) - Copy - Copy--->Transcoding started
2024-07-17 15:46:10：Video：sdfsdff - Copy (77) - Copy - Copy--->Transcoding complete
2024-07-17 15:46:10：Video：sdfsdff - Copy (76) - Copy--->Transcoding complete
2024-07-17 15:46:10：video：sdfsdff - Copy (78) - Copy--->Transcoding started
2024-07-17 15:46:10：video：sdfsdff - Copy (79) - Copy - Copy--->Transcoding started
2024-07-17 15:46:11：video：sdfsdff - Copy (79) - Copy--->Transcoding started
2024-07-17 15:46:11：video：sdfsdff - Copy (80) - Copy - Copy--->Transcoding started
2024-07-17 15:46:12：Video：sdfsdff - Copy (78) - Copy - Copy--->Transcoding complete
2024-07-17 15:46:12：video：sdfsdff - Copy (80) - Copy--->Transcoding started
2024-07-17 15:46:12：Video：sdfsdff - Copy (77) - Copy--->Transcoding complete
2024-07-17 15:46:13：Video：sdfsdff - Copy (78) - Copy--->Transcoding complete
2024-07-17 15:46:13：Video：sdfsdff - Copy (79) - Copy - Copy--->Transcoding complete
2024-07-17 15:46:13：Video：sdfsdff - Copy (79) - Copy--->Transcoding complete
2024-07-17 15:46:13：video：sdfsdff - Copy (81) - Copy - Copy--->Transcoding started
2024-07-17 15:46:13：Video：sdfsdff - Copy (80) - Copy - Copy--->Transcoding complete
2024-07-17 15:46:13：video：sdfsdff - Copy (81) - Copy--->Transcoding started
2024-07-17 15:46:13：Video：sdfsdff - Copy (80) - Copy--->Transcoding complete
2024-07-17 15:46:13：video：sdfsdff - Copy (82) - Copy - Copy--->Transcoding started
2024-07-17 15:46:14：video：sdfsdff - Copy (82) - Copy--->Transcoding started
2024-07-17 15:46:14：Video：sdfsdff - Copy (81) - Copy - Copy--->Transcoding complete
2024-07-17 15:46:14：video：sdfsdff - Copy (83) - Copy--->Transcoding started
2024-07-17 15:46:14：video：sdfsdff - Copy (84) - Copy--->Transcoding started
2024-07-17 15:46:15：Video：sdfsdff - Copy (81) - Copy--->Transcoding complete
2024-07-17 15:46:15：video：sdfsdff - Copy (85) - Copy--->Transcoding started
2024-07-17 15:46:15：video：sdfsdff - Copy (86) - Copy--->Transcoding started
2024-07-17 15:46:15：Video：sdfsdff - Copy (82) - Copy - Copy--->Transcoding complete
2024-07-17 15:46:16：Video：sdfsdff - Copy (82) - Copy--->Transcoding complete
2024-07-17 15:46:16：video：sdfsdff - Copy (87) - Copy--->Transcoding started
2024-07-17 15:46:16：video：sdfsdff - Copy (88) - Copy--->Transcoding started
2024-07-17 15:46:16：Video：sdfsdff - Copy (83) - Copy--->Transcoding complete
2024-07-17 15:46:16：Video：sdfsdff - Copy (84) - Copy--->Transcoding complete
2024-07-17 15:46:17：video：sdfsdff - Copy (89) - Copy--->Transcoding started
2024-07-17 15:46:17：Video：sdfsdff - Copy (85) - Copy--->Transcoding complete
2024-07-17 15:46:17：video：sdfsdff - Copy (90) - Copy--->Transcoding started
2024-07-17 15:46:17：Video：sdfsdff - Copy (86) - Copy--->Transcoding complete
2024-07-17 15:46:17：Video：sdfsdff - Copy (87) - Copy--->Transcoding complete
2024-07-17 15:46:18：video：sdfsdff - Copy (91) - Copy--->Transcoding started
2024-07-17 15:46:18：Video：sdfsdff - Copy (88) - Copy--->Transcoding complete
2024-07-17 15:46:18：video：sdfsdff - Copy (92) - Copy--->Transcoding started
2024-07-17 15:46:18：Video：sdfsdff - Copy (89) - Copy--->Transcoding complete
2024-07-17 15:46:18：Video：sdfsdff - Copy (90) - Copy--->Transcoding complete
2024-07-17 15:46:19：video：sdfsdff - Copy (93) - Copy--->Transcoding started
2024-07-17 15:46:19：video：sdfsdff - Copy (94) - Copy--->Transcoding started
2024-07-17 15:46:19：Video：sdfsdff - Copy (91) - Copy--->Transcoding complete
2024-07-17 15:46:19：video：sdfsdff - Copy (96) - Copy--->Transcoding started
2024-07-17 15:46:20：Video：sdfsdff - Copy (92) - Copy--->Transcoding complete
2024-07-17 15:46:20：video：sdfsdff - Copy (95) - Copy--->Transcoding started
2024-07-17 15:46:20：Video：sdfsdff - Copy (93) - Copy--->Transcoding complete
2024-07-17 15:46:20：video：sdfsdff - Copy (97) - Copy--->Transcoding started
2024-07-17 15:46:21：video：sdfsdff - Copy (98) - Copy--->Transcoding started
2024-07-17 15:46:21：video：sdfsdff - Copy (99) - Copy--->Transcoding started
2024-07-17 15:46:21：video：sdfsdff - Copy (100) - Copy--->Transcoding started
2024-07-17 15:46:21：Video：sdfsdff - Copy (96) - Copy--->Transcoding complete
2024-07-17 15:46:21：Video：sdfsdff - Copy (94) - Copy--->Transcoding complete
2024-07-17 15:46:22：Video：sdfsdff - Copy (95) - Copy--->Transcoding complete
2024-07-17 15:46:22：video：sdfsdff - Copy (102) - Copy--->Transcoding started
2024-07-17 15:46:22：video：sdfsdff - Copy (101) - Copy--->Transcoding started
2024-07-17 15:46:22：Video：sdfsdff - Copy (98) - Copy--->Transcoding complete
2024-07-17 15:46:22：Video：sdfsdff - Copy (97) - Copy--->Transcoding complete
2024-07-17 15:46:22：video：sdfsdff - Copy (103) - Copy--->Transcoding started
2024-07-17 15:46:23：Video：sdfsdff - Copy (99) - Copy--->Transcoding complete
2024-07-17 15:46:23：Video：sdfsdff - Copy (100) - Copy--->Transcoding complete
2024-07-17 15:46:23：Video：sdfsdff - Copy (102) - Copy--->Transcoding complete
2024-07-17 15:46:23：video：sdfsdff - Copy (105) - Copy--->Transcoding started
2024-07-17 15:46:24：Video：sdfsdff - Copy (101) - Copy--->Transcoding complete
2024-07-17 15:46:24：video：sdfsdff - Copy--->Transcoding started
2024-07-17 15:46:24：video：sdfsdff--->Transcoding started
2024-07-17 15:46:24：Video：sdfsdff - Copy (103) - Copy--->Transcoding complete
2024-07-17 15:46:25：Video：sdfsdff - Copy (105) - Copy--->Transcoding complete
2024-07-17 15:46:25：Video：sdfsdff - Copy (104) - Copy--->Transcoding complete
2024-07-17 15:46:25：Video：sdfsdff--->Transcoding complete
2024-07-17 15:46:25：Video：sdfsdff - Copy--->Transcoding complete